Unable to capture context for thread 13500 in process 21424, can not generate back trace
Unable to capture context for thread 1872 in process 21424, can not generate back trace
Unable to capture context for thread 16364 in process 21424, can not generate back trace
Exception at PC 0x00007FFA6C5ABB93
Printing stacktrace...

[0]  [0x00007FFA6C5ABB93]
[1]  [0x00007FFA6C5ABB93]
[2]  [0x00007FFA6C5AB4A1]
[3]  [0x00007FFA6C5AB3EF]
[4]  [0x00007FFA6C5919FE]
[5]  [0x00007FFA6C590ED1]
[6]  [0x00007FFA6C590D76]
[7]  [0x00007FFA6C5379F6]
[8]  [0x00007FFA6C527AFB]
[9]  [0x00007FFA6C64E90A]
[10]  [0x00007FFA6C669F87]
[11]  [0x00007FFA6C66A05F]
[12] (BaseThreadInitThunk+0x14) [0x00007FFAE1A18364]
[13] (RtlUserThreadStart+0x21) [0x00007FFAE24F70D1]
Done
Exception at PC 0x00007FFA6C2B1A52
Attemped to write at address 0x00007FFAB30DABA4
Printing stacktrace...

[0]  [0x00007FFA6C2B1A52]
[1]  [0x00007FFA6C2B1A52]
[2]  [0x00007FFA6C2B1AD4]
[3]  [0x00007FFA6C3F3FF7]
[4]  [0x00007FFA6C2D9128]
[5]  [0x00007FFA6C58DFB9]
[6]  [0x00007FFA6C75EF23]
[7]  [0x00007FFA6C66B06B]
[8]  [0x00007FFA6C6608AF]
[9]  [0x00007FFA6C660A32]
[10] (RtlDeactivateActivationContextUnsafeFast+0x1bf) [0x00007FFAE24BA35F]
[11] (LdrShutdownProcess+0x14b) [0x00007FFAE249806B]
[12] (RtlExitUserProcess+0xb4) [0x00007FFAE2497D94]
[13] (ExitProcess+0xa) [0x00007FFAE1A2CE6A]
[14] (exit+0x85) [0x00007FFAE028A4A5]
[15] (initterm_e+0x231) [0x00007FFAE028AB01]
[16]  [0x00000000004014CD]
[17]  [0x000000000040151B]
[18] (BaseThreadInitThunk+0x14) [0x00007FFAE1A18364]
[19] (RtlUserThreadStart+0x21) [0x00007FFAE24F70D1]
Done
